{
  "RSpec": {
    "coverage": {
      "/home/mephistofy/Rails/Rubygram/app/models/user.rb": {
        "lines": [
          null,
          null,
          1,
          1,
          null,
          1,
          null,
          1,
          null,
          null,
          1,
          null,
          1,
          1,
          null,
          1,
          1,
          null,
          1,
          5,
          null,
          null,
          1,
          2,
          null,
          null,
          1,
          9,
          null,
          null
        ]
      },
      "/home/mephistofy/Rails/Rubygram/app/models/application_record.rb": {
        "lines": [
          null,
          null,
          1,
          1,
          null
        ]
      },
      "/home/mephistofy/Rails/Rubygram/app/uploaders/image_uploader.rb": {
        "lines": [
          1,
          1,
          1,
          null,
          1,
          127,
          null,
          null,
          1,
          0,
          null,
          null
        ]
      },
      "/home/mephistofy/Rails/Rubygram/app/helpers/application_helper.rb": {
        "lines": [
          1,
          null
        ]
      },
      "/home/mephistofy/Rails/Rubygram/app/helpers/comment_helper.rb": {
        "lines": [
          1,
          null
        ]
      },
      "/home/mephistofy/Rails/Rubygram/app/helpers/feed_helper.rb": {
        "lines": [
          1,
          null
        ]
      },
      "/home/mephistofy/Rails/Rubygram/app/helpers/follow_helper.rb": {
        "lines": [
          1,
          null
        ]
      },
      "/home/mephistofy/Rails/Rubygram/app/helpers/like_helper.rb": {
        "lines": [
          1,
          null
        ]
      },
      "/home/mephistofy/Rails/Rubygram/app/helpers/post_helper.rb": {
        "lines": [
          1,
          null
        ]
      },
      "/home/mephistofy/Rails/Rubygram/app/helpers/registration_helper.rb": {
        "lines": [
          1,
          null
        ]
      },
      "/home/mephistofy/Rails/Rubygram/app/helpers/sessions_helper.rb": {
        "lines": [
          1,
          null
        ]
      },
      "/home/mephistofy/Rails/Rubygram/app/helpers/user_helper.rb": {
        "lines": [
          1,
          null
        ]
      },
      "/home/mephistofy/Rails/Rubygram/app/controllers/comment_controller.rb": {
        "lines": [
          null,
          null,
          1,
          1,
          null,
          1,
          1,
          null,
          null,
          null,
          1,
          2,
          null,
          2,
          null,
          2,
          null,
          1,
          null,
          1,
          null,
          1,
          null,
          null,
          null,
          1,
          4,
          null,
          3,
          2,
          null,
          2,
          1,
          null,
          1,
          null,
          1,
          null,
          null,
          1,
          null,
          1,
          null,
          null,
          1,
          null,
          1,
          null,
          null,
          null,
          1,
          3,
          null,
          2,
          1,
          null,
          1,
          null,
          1,
          null,
          1,
          null,
          null,
          1,
          null,
          1,
          null,
          null,
          1,
          null,
          1,
          6,
          null,
          null,
          1,
          3,
          null,
          null,
          1,
          4,
          null,
          null,
          1,
          7,
          null,
          null,
          1,
          1,
          1,
          null,
          null,
          1,
          4,
          4,
          null,
          null
        ]
      },
      "/home/mephistofy/Rails/Rubygram/app/controllers/application_controller.rb": {
        "lines": [
          null,
          null,
          1,
          1,
          null,
          1,
          1,
          null,
          null,
          1,
          1,
          null,
          null
        ]
      },
      "/home/mephistofy/Rails/Rubygram/app/controllers/feed_controller.rb": {
        "lines": [
          null,
          null,
          1,
          1,
          null,
          1,
          1,
          null,
          1,
          null,
          1,
          null,
          null
        ]
      },
      "/home/mephistofy/Rails/Rubygram/app/controllers/follow_controller.rb": {
        "lines": [
          null,
          null,
          1,
          1,
          1,
          null,
          1,
          4,
          1,
          null,
          1,
          null,
          3,
          1,
          null,
          2,
          null,
          null,
          3,
          null,
          null,
          null,
          1,
          3,
          null,
          null,
          1,
          null,
          null,
          1,
          null,
          null,
          1,
          null,
          1,
          null,
          null,
          null,
          1,
          null,
          1,
          8,
          8,
          null,
          8,
          null,
          1,
          null,
          1,
          null,
          null,
          1,
          3,
          3,
          null,
          null
        ]
      },
      "/home/mephistofy/Rails/Rubygram/app/controllers/like_controller.rb": {
        "lines": [
          null,
          null,
          1,
          1,
          null,
          1,
          4,
          null,
          4,
          null,
          4,
          3,
          null,
          3,
          2,
          null,
          1,
          null,
          1,
          null,
          null,
          1,
          null,
          1,
          null,
          null,
          null,
          1,
          null,
          1,
          4,
          4,
          null,
          null
        ]
      },
      "/home/mephistofy/Rails/Rubygram/app/controllers/post_controller.rb": {
        "lines": [
          null,
          null,
          1,
          1,
          1,
          1,
          null,
          1,
          null,
          null,
          1,
          2,
          null,
          2,
          1,
          null,
          1,
          null,
          1,
          null,
          null,
          null,
          null,
          1,
          2,
          1,
          null,
          null,
          2,
          null,
          2,
          null,
          2,
          null,
          2,
          null,
          2,
          null,
          null,
          null,
          1,
          2,
          1,
          null,
          null,
          2,
          null,
          null,
          1,
          null,
          1,
          5,
          5,
          null,
          null,
          1,
          5,
          null,
          1,
          null,
          1,
          null,
          null,
          1,
          3,
          1,
          null,
          1,
          null,
          null,
          null,
          1,
          2,
          null,
          null
        ]
      },
      "/home/mephistofy/Rails/Rubygram/app/controllers/registration_controller.rb": {
        "lines": [
          null,
          null,
          1,
          1,
          null,
          null,
          null,
          1,
          2,
          null,
          2,
          1,
          null,
          1,
          null,
          1,
          null,
          null,
          null,
          1,
          null,
          1,
          2,
          null,
          null
        ]
      },
      "/home/mephistofy/Rails/Rubygram/app/controllers/sessions_controller.rb": {
        "lines": [
          null,
          null,
          1,
          1,
          null,
          1,
          null,
          null,
          1,
          3,
          2,
          null,
          2,
          null,
          1,
          null,
          1,
          null,
          null,
          null,
          1,
          1,
          null,
          null,
          1,
          null,
          1,
          7,
          null,
          null,
          1,
          4,
          null,
          4,
          1,
          null,
          1,
          null,
          null,
          null
        ]
      },
      "/home/mephistofy/Rails/Rubygram/app/controllers/user_controller.rb": {
        "lines": [
          null,
          null,
          1,
          1,
          null,
          null,
          1,
          2,
          null,
          2,
          1,
          null,
          1,
          null,
          null,
          null,
          1,
          2,
          null,
          1,
          null,
          null,
          1,
          null,
          1,
          2,
          2,
          null,
          null
        ]
      },
      "/home/mephistofy/Rails/Rubygram/app/models/comment.rb": {
        "lines": [
          null,
          null,
          1,
          1,
          null,
          1,
          1,
          null
        ]
      },
      "/home/mephistofy/Rails/Rubygram/app/models/follow.rb": {
        "lines": [
          null,
          null,
          1,
          1,
          1,
          null,
          1,
          1,
          null
        ]
      },
      "/home/mephistofy/Rails/Rubygram/app/models/like.rb": {
        "lines": [
          null,
          null,
          1,
          1,
          1,
          null
        ]
      },
      "/home/mephistofy/Rails/Rubygram/app/models/post.rb": {
        "lines": [
          null,
          null,
          1,
          1,
          null,
          1,
          null,
          1,
          null,
          1,
          1,
          null
        ]
      },
      "/home/mephistofy/Rails/Rubygram/app/channels/application_cable/channel.rb": {
        "lines": [
          0,
          0,
          0,
          0
        ],
        "branches": {
        }
      },
      "/home/mephistofy/Rails/Rubygram/app/channels/application_cable/connection.rb": {
        "lines": [
          0,
          0,
          0,
          0
        ],
        "branches": {
        }
      },
      "/home/mephistofy/Rails/Rubygram/app/jobs/application_job.rb": {
        "lines": [
          0,
          null,
          null,
          null,
          null,
          null,
          0
        ],
        "branches": {
        }
      },
      "/home/mephistofy/Rails/Rubygram/app/mailers/application_mailer.rb": {
        "lines": [
          0,
          0,
          0,
          0
        ],
        "branches": {
        }
      }
    },
    "timestamp": 1612367185
  }
}
